<?xml version="1.0" encoding="UTF-8"?>
<!-- Generated by org.testng.reporters.JUnitXMLReporter -->
<testsuite ignored="1" hostname="DESKTOP-CCUU058" failures="1" tests="1" name="Regression Test with firefox" time="33.63" errors="0" timestamp="2022-05-26T22:00:42 CDT">
  <testcase classname="seleniumPack.AbhibusTest" name="verifyTotalFare" time="8.312">
    <failure type="java.lang.NullPointerException" message="Cannot invoke &amp;quot;objectRepository.BusSearchResultPage.clickSelectSeatButton()&amp;quot; because &amp;quot;this.busSearchResultPage&amp;quot; is null">
      <![CDATA[java.lang.NullPointerException: Cannot invoke "objectRepository.BusSearchResultPage.clickSelectSeatButton()" because "this.busSearchResultPage" is null
at seleniumPack.AbhibusTest.verifyTotalFare(AbhibusTest.java:114)
at java.base/java.util.ArrayList.forEach(ArrayList.java:1511)
... Removed 27 stack frames]]>
    </failure>
  </testcase> <!-- verifyTotalFare -->
  <testcase classname="seleniumPack.AbhibusTest" name="verifyBusSearchFunctionWorkingForValidInput" time="0.0">
    <ignored/>
  </testcase> <!-- verifyBusSearchFunctionWorkingForValidInput -->
</testsuite> <!-- Regression Test with firefox -->
