<?xml version="1.0" encoding="UTF-8"?>
<!-- Generated by org.testng.reporters.JUnitXMLReporter -->
<testsuite ignored="1" hostname="DESKTOP-CCUU058" failures="0" tests="1" name="Regression Test with chrome" time="1.738" errors="0" timestamp="2022-05-26T22:00:08 CDT">
  <testcase classname="seleniumPack.AbhibusTest" name="verifyTotalFare" time="0.0">
    <skipped/>
  </testcase> <!-- verifyTotalFare -->
  <testcase classname="seleniumPack.AbhibusTest" name="verifyBusSearchFunctionWorkingForValidInput" time="0.0">
    <ignored/>
  </testcase> <!-- verifyBusSearchFunctionWorkingForValidInput -->
</testsuite> <!-- Regression Test with chrome -->
