<?xml version="1.0" encoding="UTF-8"?>
<!-- Generated by org.testng.reporters.JUnitXMLReporter -->
<testsuite ignored="1" hostname="DESKTOP-CCUU058" failures="0" tests="1" name="Default test" time="51.423" errors="0" timestamp="2022-05-23T21:26:07 CDT">
  <testcase classname="seleniumPack.AbhibusTest" name="verifyTotalFare" time="19.21"/>
  <testcase classname="seleniumPack.AbhibusTest" name="verifyBusSearchFunctionWorkingForValidInput" time="0.0">
    <ignored/>
  </testcase> <!-- verifyBusSearchFunctionWorkingForValidInput -->
</testsuite> <!-- Default test -->
